🚀 Starting Dual Editor Launcher...
⬇️ Force installing dependencies...
Collecting tkhtmlview
  Using cached tkhtmlview-0.3.1-py3-none-any.whl.metadata (5.3 kB)
Collecting markdown
  Using cached markdown-3.10.1-py3-none-any.whl.metadata (5.1 kB)
Collecting pillow
  Using cached pillow-12.1.0-cp314-cp314-macosx_11_0_arm64.whl.metadata (8.8 kB)
  Using cached pillow-10.4.0-cp314-cp314-macosx_26_0_arm64.whl
Collecting requests<3.0.0,>=2.28.2 (from tkhtmlview)
  Using cached requests-2.32.5-py3-none-any.whl.metadata (4.9 kB)
Collecting charset_normalizer<4,>=2 (from requests<3.0.0,>=2.28.2->tkhtmlview)
  Using cached charset_normalizer-3.4.4-cp314-cp314-macosx_10_13_universal2.whl.metadata (37 kB)
Collecting idna<4,>=2.5 (from requests<3.0.0,>=2.28.2->tkhtmlview)
  Using cached idna-3.11-py3-none-any.whl.metadata (8.4 kB)
Collecting urllib3<3,>=1.21.1 (from requests<3.0.0,>=2.28.2->tkhtmlview)
  Using cached urllib3-2.6.3-py3-none-any.whl.metadata (6.9 kB)
Collecting certifi>=2017.4.17 (from requests<3.0.0,>=2.28.2->tkhtmlview)
  Using cached certifi-2026.1.4-py3-none-any.whl.metadata (2.5 kB)
Using cached tkhtmlview-0.3.1-py3-none-any.whl (10 kB)
Using cached requests-2.32.5-py3-none-any.whl (64 kB)
Using cached charset_normalizer-3.4.4-cp314-cp314-macosx_10_13_universal2.whl (207 kB)
Using cached idna-3.11-py3-none-any.whl (71 kB)
Using cached urllib3-2.6.3-py3-none-any.whl (131 kB)
Using cached markdown-3.10.1-py3-none-any.whl (107 kB)
Using cached certifi-2026.1.4-py3-none-any.whl (152 kB)
Installing collected packages: urllib3, pillow, markdown, idna, charset_normalizer, certifi, requests, tkhtmlview
  Attempting uninstall: urllib3
    Found existing installation: urllib3 2.6.3
    Uninstalling urllib3-2.6.3:
      Successfully uninstalled urllib3-2.6.3
  Attempting uninstall: pillow
    Found existing installation: pillow 10.4.0
    Uninstalling pillow-10.4.0:
      Successfully uninstalled pillow-10.4.0
  Attempting uninstall: markdown
    Found existing installation: Markdown 3.10.1
    Uninstalling Markdown-3.10.1:
      Successfully uninstalled Markdown-3.10.1
  Attempting uninstall: idna
    Found existing installation: idna 3.11
    Uninstalling idna-3.11:
      Successfully uninstalled idna-3.11
  Attempting uninstall: charset_normalizer
    Found existing installation: charset-normalizer 3.4.4
    Uninstalling charset-normalizer-3.4.4:
      Successfully uninstalled charset-normalizer-3.4.4
  Attempting uninstall: certifi
    Found existing installation: certifi 2026.1.4
    Uninstalling certifi-2026.1.4:
      Successfully uninstalled certifi-2026.1.4
  Attempting uninstall: requests
    Found existing installation: requests 2.32.5
    Uninstalling requests-2.32.5:
      Successfully uninstalled requests-2.32.5
  Attempting uninstall: tkhtmlview
    Found existing installation: tkhtmlview 0.3.1
    Uninstalling tkhtmlview-0.3.1:
      Successfully uninstalled tkhtmlview-0.3.1

Successfully installed certifi-2026.1.4 charset_normalizer-3.4.4 idna-3.11 markdown-3.10.1 pillow-10.4.0 requests-2.32.5 tkhtmlview-0.3.1 urllib3-2.6.3
🖥️ Launching DualEditor...
❌ Dependency Error: No module named '_tkinter'
❌ Critical: In venv but imports failed. Re-run Setup or check system dependencies.
❌ Tkinter is MISSING. Please install python-tk.
